{
  "stats": {
    "suites": 4,
    "tests": 4,
    "passes": 4,
    "pending": 0,
    "failures": 0,
    "start": "2021-02-25T15:51:21.462Z",
    "end": "2021-02-25T15:52:05.062Z",
    "duration": 43600,
    "testsRegistered": 4,
    "passPercent": 100,
    "pendingPercent": 0,
    "other": 0,
    "hasOther": false,
    "skipped": 0,
    "hasSkipped": false
  },
  "results": [
    {
      "uuid": "0a48cdeb-1f7a-492a-8359-6d76abcbbda4",
      "title": "",
      "fullFile": "",
      "file": "",
      "beforeHooks": [],
      "afterHooks": [],
      "tests": [],
      "suites": [
        {
          "uuid": "f5ab2dcc-139e-4080-9759-b2182d12ebcf",
          "title": "sign in",
          "fullFile": "/Users/artur/Desktop/Autot/AutoTests/test/auth_correct.js",
          "file": "/test/auth_correct.js",
          "beforeHooks": [
            {
              "title": "\"before each\" hook in \"sign in\"",
              "fullTitle": "sign in \"before each\" hook in \"sign in\"",
              "timedOut": false,
              "duration": 1130,
              "state": null,
              "speed": null,
              "pass": false,
              "fail": false,
              "pending": false,
              "context": null,
              "code": "driver = await new Builder().forBrowser('chrome').build()\nvars = {}",
              "err": {},
              "uuid": "274e9599-6b76-4421-821c-4bec585766ca",
              "parentUUID": "f5ab2dcc-139e-4080-9759-b2182d12ebcf",
              "isHook": true,
              "skipped": false
            }
          ],
          "afterHooks": [
            {
              "title": "\"after each\" hook in \"sign in\"",
              "fullTitle": "sign in \"after each\" hook in \"sign in\"",
              "timedOut": false,
              "duration": 52,
              "state": null,
              "speed": null,
              "pass": false,
              "fail": false,
              "pending": false,
              "context": null,
              "code": "await driver.quit();",
              "err": {},
              "uuid": "5e7228f3-9b85-4eec-96fd-bf4c4f76f58e",
              "parentUUID": "f5ab2dcc-139e-4080-9759-b2182d12ebcf",
              "isHook": true,
              "skipped": false
            }
          ],
          "tests": [
            {
              "title": "sign in",
              "fullTitle": "sign in sign in",
              "timedOut": false,
              "duration": 7487,
              "state": "passed",
              "speed": "slow",
              "pass": true,
              "fail": false,
              "pending": false,
              "context": null,
              "code": "await driver.get(\"https://dev.incognitohr.com/en\")\nawait driver.manage().window().setRect({ width: 1680, height: 1050})\nawait driver.findElement(By.linkText(\"Sign in\")).click()\nawait driver.findElement(By.id(\"loginform-identity\")).click()\nawait driver.findElement(By.id(\"loginform-identity\")).sendKeys(\"artur@osi.in.ua\")\nawait driver.findElement(By.id(\"loginform-password\")).click()\nawait driver.findElement(By.id(\"loginform-password\")).sendKeys(Key.SPACE, Key.SPACE, Key.SPACE, Key.SPACE, Key.SPACE, '1')\nawait driver.findElement(By.name(\"login-button\")).click()\n// await driver.sleep(2000)\nawait driver.wait(until.elementLocated(By.xpath('/html/body/div[1]/header/nav/div/div[2]/a')), 5000);\nawait driver.findElement(By.xpath('/html/body/div[1]/header/nav/div/div[2]/a')).click()\nawait driver.wait(until.elementLocated(By.xpath('/html/body/main/section/div/div[2]/div[1]/div/div[2]/ul/li[7]')), 5000);\nawait driver.findElement(By.xpath('/html/body/main/section/div/div[2]/div[1]/div/div[2]/ul/li[7]')).click()\n{\n  const elements = await driver.findElements(By.xpath('//*[@id=\"navbarSupportedContent\"]/div[1]/a[1]'))\n  assert(elements.length)\n}\n// await driver.sleep(2000)",
              "err": {},
              "uuid": "24d9540b-d74d-4abd-917a-dc9815f61b77",
              "parentUUID": "f5ab2dcc-139e-4080-9759-b2182d12ebcf",
              "isHook": false,
              "skipped": false
            }
          ],
          "suites": [],
          "passes": [
            "24d9540b-d74d-4abd-917a-dc9815f61b77"
          ],
          "failures": [],
          "pending": [],
          "skipped": [],
          "duration": 7487,
          "root": false,
          "rootEmpty": false,
          "_timeout": 30000
        },
        {
          "uuid": "778353ec-a865-4887-929d-4584282fe638",
          "title": "auth",
          "fullFile": "/Users/artur/Desktop/Autot/AutoTests/test/auth_incorrect.js",
          "file": "/test/auth_incorrect.js",
          "beforeHooks": [
            {
              "title": "\"before each\" hook in \"auth\"",
              "fullTitle": "auth \"before each\" hook in \"auth\"",
              "timedOut": false,
              "duration": 1148,
              "state": null,
              "speed": null,
              "pass": false,
              "fail": false,
              "pending": false,
              "context": null,
              "code": "driver = await new Builder().forBrowser('chrome').build()\nvars = {}",
              "err": {},
              "uuid": "393a0b50-7792-4bae-a3fb-a6ec4a14f8de",
              "parentUUID": "778353ec-a865-4887-929d-4584282fe638",
              "isHook": true,
              "skipped": false
            }
          ],
          "afterHooks": [
            {
              "title": "\"after each\" hook in \"auth\"",
              "fullTitle": "auth \"after each\" hook in \"auth\"",
              "timedOut": false,
              "duration": 52,
              "state": null,
              "speed": null,
              "pass": false,
              "fail": false,
              "pending": false,
              "context": null,
              "code": "await driver.quit();",
              "err": {},
              "uuid": "70d976dd-65b0-4208-80fb-363c6f06bfbf",
              "parentUUID": "778353ec-a865-4887-929d-4584282fe638",
              "isHook": true,
              "skipped": false
            }
          ],
          "tests": [
            {
              "title": "auth",
              "fullTitle": "auth auth",
              "timedOut": false,
              "duration": 3477,
              "state": "passed",
              "speed": "slow",
              "pass": true,
              "fail": false,
              "pending": false,
              "context": null,
              "code": "console.log(driver.prototype)\nawait driver.get(\"https://dev.incognitohr.com/en\")\nawait driver.manage().window().setRect({ width: 1920, height: 1080})\nawait driver.findElement(By.linkText(\"Sign in\")).click()\nawait driver.findElement(By.id(\"loginform-identity\")).click()\nawait driver.findElement(By.id(\"loginform-identity\")).sendKeys(\"artu@osi.in.ua\")\nawait driver.findElement(By.id(\"loginform-password\")).click()\nawait driver.findElement(By.id(\"loginform-password\")).sendKeys(\"1111111\")\nawait driver.findElement(By.name(\"login-button\")).click()\n// await driver.sleep(15000)\n{\n  const elements = await driver.findElements(By.css(\".alert\"))\n  assert(elements.length)\n}",
              "err": {},
              "uuid": "23ada6c0-8520-4b00-8d07-d93f393c550b",
              "parentUUID": "778353ec-a865-4887-929d-4584282fe638",
              "isHook": false,
              "skipped": false
            }
          ],
          "suites": [],
          "passes": [
            "23ada6c0-8520-4b00-8d07-d93f393c550b"
          ],
          "failures": [],
          "pending": [],
          "skipped": [],
          "duration": 3477,
          "root": false,
          "rootEmpty": false,
          "_timeout": 30000
        },
        {
          "uuid": "92072e33-9480-4d41-9ceb-956e61d08da4",
          "title": "Job_creating",
          "fullFile": "/Users/artur/Desktop/Autot/AutoTests/test/job_creating.js",
          "file": "/test/job_creating.js",
          "beforeHooks": [
            {
              "title": "\"before each\" hook in \"Job_creating\"",
              "fullTitle": "Job_creating \"before each\" hook in \"Job_creating\"",
              "timedOut": false,
              "duration": 1064,
              "state": null,
              "speed": null,
              "pass": false,
              "fail": false,
              "pending": false,
              "context": null,
              "code": "driver = await new Builder().forBrowser('chrome').build()\nvars = {}",
              "err": {},
              "uuid": "3bb2ebe5-56df-470f-a140-579c6670846b",
              "parentUUID": "92072e33-9480-4d41-9ceb-956e61d08da4",
              "isHook": true,
              "skipped": false
            }
          ],
          "afterHooks": [
            {
              "title": "\"after each\" hook in \"Job_creating\"",
              "fullTitle": "Job_creating \"after each\" hook in \"Job_creating\"",
              "timedOut": false,
              "duration": 51,
              "state": null,
              "speed": null,
              "pass": false,
              "fail": false,
              "pending": false,
              "context": null,
              "code": "await driver.quit();",
              "err": {},
              "uuid": "89eead56-0e2f-4fd2-9465-c873fa855c52",
              "parentUUID": "92072e33-9480-4d41-9ceb-956e61d08da4",
              "isHook": true,
              "skipped": false
            }
          ],
          "tests": [
            {
              "title": "Job_creating",
              "fullTitle": "Job_creating Job_creating",
              "timedOut": false,
              "duration": 16897,
              "state": "passed",
              "speed": "slow",
              "pass": true,
              "fail": false,
              "pending": false,
              "context": null,
              "code": "await driver.get(\"https://dev.incognitohr.com/en\")\nawait driver.manage().window().setRect({width: 1920, height: 1080})\nawait driver.findElement(By.linkText(\"Sign in\")).click()\nawait driver.findElement(By.id(\"loginform-identity\")).click()\nawait driver.findElement(By.id(\"loginform-identity\")).sendKeys(\"artur@osi.in.ua\")\nawait driver.findElement(By.id(\"loginform-password\")).click()\nawait driver.findElement(By.id(\"loginform-password\")).sendKeys(Key.SPACE, Key.SPACE, Key.SPACE, Key.SPACE, Key.SPACE, '1')\nawait driver.findElement(By.name(\"login-button\")).click()\nawait driver.wait(until.elementLocated(By.linkText(\"Account\")), 5000);\nawait driver.findElement(By.linkText(\"Account\")).click()\nawait driver.findElement(By.css(\".sub-menu:nth-child(3) > span\")).click()\nawait driver.wait(until.elementLocated(By.linkText(\"Add Job\")), 5000);\nawait driver.findElement(By.linkText(\"Add Job\")).click()\nawait driver.findElement(By.id(\"job-title\")).click()\nawait driver.findElement(By.id(\"job-title\")).sendKeys(\"Auto_Test_Job_Creation\")\nawait driver.findElement(By.id(\"job-meta_category\")).click()\n{\n  const dropdown = await driver.findElement(By.id(\"job-meta_category\"))\n  await dropdown.findElement(By.xpath(\"//option[. = 'Java']\")).click()\n}\nawait driver.findElement(By.id(\"job-meta_salary\")).click()\nawait driver.findElement(By.id(\"job-meta_salary\")).sendKeys(\"1111\")\nawait driver.findElement(By.id(\"job-meta_currency\")).click()\n{\n  const dropdown = await driver.findElement(By.id(\"job-meta_currency\"))\n  await dropdown.findElement(By.xpath(\"//option[. = 'USD']\")).click()\n}\nawait driver.findElement(By.id(\"meta-country\")).click()\n{\n  const dropdown = await driver.findElement(By.id(\"meta-country\"))\n  await dropdown.findElement(By.xpath(\"//option[. = 'Poland']\")).click()\n}\nawait driver.findElement(By.id(\"meta-region\")).click()\n{\n  const dropdown = await driver.findElement(By.id(\"meta-region\"))\n  await dropdown.findElement(By.xpath(\"//option[. = 'Lubuskie']\")).click()\n}\nawait driver.findElement(By.id(\"meta-city\")).click()\n{\n  const dropdown = await driver.findElement(By.id(\"meta-city\"))\n  await dropdown.findElement(By.xpath(\"//option[. = 'Bobrowice']\")).click()\n}\nawait driver.findElement(By.css(\".re-html\")).click()\nawait driver.executeScript(`document.querySelector(\".field-job-description\").scrollIntoView()`);\nawait driver.findElement(By.id(\"w5\")).click()\nawait driver.findElement(By.id(\"w5\")).sendKeys(\"​Lorem ipsum dolor sit, amet consectetur adipisicing elit. Accusantium, error voluptates tempore veritatis voluptatibus minima qui ipsa doloribus laboriosam obcaecati corporis officiis magni, eius temporibus incidunt quisquam labore, sunt recusandae.\")\n\n// await driver.sleep(5000)\nawait driver.findElement(By.xpath('/html/body/main/section/div/div[2]/div[2]/div/form/div/div/div[11]/div/span/span[1]/span/ul/li/input')).click()\nawait driver.findElement(By.xpath('/html/body/main/section/div/div[2]/div[2]/div/form/div/div/div[11]/div/span/span[1]/span/ul/li/input')).sendKeys(`Test${Key.SPACE}`)\n// await driver.sleep(5000)\nawait driver.findElement(By.xpath('/html/body/main/section/div/div[2]/div[2]/div/form/div/div/div[11]/div/span/span[1]/span/ul/li/input')).sendKeys(`Automation${Key.SPACE}`)\n// await driver.sleep(5000)\nawait driver.findElement(By.id(\"job-meta_english_level\")).click()\n{\n  const dropdown = await driver.findElement(By.id(\"job-meta_english_level\"))\n  await dropdown.findElement(By.xpath(\"//option[. = 'Advanced C1-C2']\")).click()\n}\n\n// await driver.sleep(10000)\n\nawait driver.findElement(By.css(\"#job-meta_job_type > .custom-control:nth-child(1) > .custom-control-label\")).click()\n\n// await driver.sleep(5000)\nawait driver.executeScript(`document.querySelector(\".field-job-meta_contract_type\").scrollIntoView()`);\nawait driver.findElement(By.xpath('//*[@id=\"job-meta_contract_type\"]/div[2]/label')).click()\nawait driver.findElement(By.id(\"job-meta_experience_from\")).click()\nawait driver.findElement(By.id(\"job-meta_experience_from\")).sendKeys(\"2\")\nawait driver.findElement(By.id(\"job-meta_experience_to\")).click()\nawait driver.findElement(By.id(\"job-meta_experience_to\")).sendKeys(\"6\")\nawait driver.wait(until.elementLocated(By.css(\".btn-wide\")), 5000);\nawait driver.findElement(By.xpath('//*[@id=\"w4\"]/div/div/div[16]/button')).click()\n{\n  await driver.wait(until.elementLocated(By.xpath(\"//h1[contains(.,\\'Auto_Test_Job_Creation\\')]\")), 5000);\n  const elements = await driver.findElements(By.xpath(\"//h1[contains(.,\\'Auto_Test_Job_Creation\\')]\"))\n  assert(elements.length)\n}\n{\n  await driver.wait(until.elementLocated(By.css(\".block-details\")), 5000);\n  const elements = await driver.findElements(By.css(\".block-details\"))\n  assert(elements.length)\n}\nawait driver.findElement(By.linkText(\"Account\")).click()\nawait driver.findElement(By.linkText(\"My Jobs\")).click()\nawait driver.findElement(By.css(\"#w0 > li:nth-child(1) > a\")).click()\n// await driver.sleep(15000)\n{\n  const elements = await driver.findElements(By.linkText(\"Auto_Test_Job_Creation\"))\n  assert(elements.length)\n}\n// await driver.sleep(15000)\n{\n  const elements = await driver.findElements(By.xpath(\"//p[contains(.,\\'​Lorem ipsum dolor sit, amet consectetur adipisicing elit. Accusantium, error voluptates tempore veritatis voluptatibus minima qui ipsa doloribus laboriosam obcaecati corporis officiis magni, eius temporibus incidunt quisquam labore, sunt recusandae.\\')]\"))\n  assert(elements.length)\n}\nawait driver.findElement(By.linkText(\"Logout\")).click()",
              "err": {},
              "uuid": "0428ea80-ecfc-467b-a8ea-9363ca116dba",
              "parentUUID": "92072e33-9480-4d41-9ceb-956e61d08da4",
              "isHook": false,
              "skipped": false
            }
          ],
          "suites": [],
          "passes": [
            "0428ea80-ecfc-467b-a8ea-9363ca116dba"
          ],
          "failures": [],
          "pending": [],
          "skipped": [],
          "duration": 16897,
          "root": false,
          "rootEmpty": false,
          "_timeout": 100000
        },
        {
          "uuid": "b246e23a-9417-4eda-93d9-273de28dd83f",
          "title": "check",
          "fullFile": "/Users/artur/Desktop/Autot/AutoTests/test/job_deletetion.js",
          "file": "/test/job_deletetion.js",
          "beforeHooks": [
            {
              "title": "\"before each\" hook in \"check\"",
              "fullTitle": "check \"before each\" hook in \"check\"",
              "timedOut": false,
              "duration": 992,
              "state": null,
              "speed": null,
              "pass": false,
              "fail": false,
              "pending": false,
              "context": null,
              "code": "driver = await new Builder().forBrowser('chrome').build()\nvars = {}",
              "err": {},
              "uuid": "7a3a3c72-40ef-40fd-83b3-43c17f0b67d3",
              "parentUUID": "b246e23a-9417-4eda-93d9-273de28dd83f",
              "isHook": true,
              "skipped": false
            }
          ],
          "afterHooks": [
            {
              "title": "\"after each\" hook in \"check\"",
              "fullTitle": "check \"after each\" hook in \"check\"",
              "timedOut": false,
              "duration": 51,
              "state": null,
              "speed": null,
              "pass": false,
              "fail": false,
              "pending": false,
              "context": null,
              "code": "await driver.quit();",
              "err": {},
              "uuid": "fe6078b3-0121-4f16-b665-9f95b8b14180",
              "parentUUID": "b246e23a-9417-4eda-93d9-273de28dd83f",
              "isHook": true,
              "skipped": false
            }
          ],
          "tests": [
            {
              "title": "check",
              "fullTitle": "check check",
              "timedOut": false,
              "duration": 11187,
              "state": "passed",
              "speed": "slow",
              "pass": true,
              "fail": false,
              "pending": false,
              "context": null,
              "code": "await driver.get(\"https://dev.incognitohr.com/en\")\nawait driver.manage().window().setRect({ width: 1920, height: 1080})\nawait driver.findElement(By.linkText(\"Sign in\")).click()\nawait driver.findElement(By.id(\"loginform-identity\")).click()\nawait driver.findElement(By.id(\"loginform-identity\")).sendKeys(\"artur@osi.in.ua\")\nawait driver.findElement(By.id(\"loginform-password\")).click()\nawait driver.findElement(By.id(\"loginform-password\")).sendKeys(Key.SPACE, Key.SPACE, Key.SPACE, Key.SPACE, Key.SPACE, '1')\nawait driver.findElement(By.name(\"login-button\")).click()\nawait driver.wait(until.elementLocated(By.linkText(\"Account\")), 5000);\nawait driver.findElement(By.linkText(\"Account\")).click()\nawait driver.findElement(By.linkText(\"My Jobs\")).click()\nawait driver.wait(until.elementLocated(By.css(\"#w0 > li:nth-child(1) > a\")), 5000);\n\nawait driver.findElement(By.css(\"#w0 > li:nth-child(1) > a\")).click()\n// await driver.executeScript(`document.querySelector(\"a[data-href='/en/jobs/autotestjobcreation/delete']\").scrollIntoView()`);\n// await driver.wait(until.elementLocated(By.xpath(\"(//button[@type=\\'button\\'])[3]\")), 5000);\nawait driver.findElement(By.css(\".btn-soft-danger\")).click()\n// await driver.sleep(5000)\nawait driver.wait(until.elementLocated(By.linkText(\"Delete\")), 5000);\nawait driver.findElement(By.linkText(\"Delete\")).click()\n\ndriver.navigate().refresh();\nawait driver.wait(until.elementLocated(By.id('w4')), 5000)\n{\n  const elements = await driver.findElements(By.id(\"w4\"))\n  assert(elements.length)\n}\nawait driver.findElement(By.linkText(\"Account\")).click()\nawait driver.findElement(By.linkText(\"My Jobs\")).click()\nawait driver.wait(until.elementLocated(By.css(\"#w0 > li:nth-child(1) > a\")), 5000);\n\nawait driver.findElement(By.css(\"#w0 > li:nth-child(1) > a\")).click()\n{\n  const elements = await driver.findElements(By.linkText(\"Auto_Test_Job_Creation\"))\n  console.log('kek:', elements);\n  assert(elements.length === 0)\n}\n{\n  const elements = await driver.findElements(By.xpath(\"//p[contains(.,\\'​Lorem ipsum dolor sit, amet consectetur adipisicing elit. Accusantium, error voluptates tempore veritatis voluptatibus minima qui ipsa doloribus laboriosam obcaecati corporis officiis magni, eius temporibus incidunt quisquam labore, sunt recusandae.\\')]\"))\n  assert(elements.length === 0)\n}",
              "err": {},
              "uuid": "513f7e25-90b1-4bb3-91cc-047f29d48c5d",
              "parentUUID": "b246e23a-9417-4eda-93d9-273de28dd83f",
              "isHook": false,
              "skipped": false
            }
          ],
          "suites": [],
          "passes": [
            "513f7e25-90b1-4bb3-91cc-047f29d48c5d"
          ],
          "failures": [],
          "pending": [],
          "skipped": [],
          "duration": 11187,
          "root": false,
          "rootEmpty": false,
          "_timeout": 60000
        }
      ],
      "passes": [],
      "failures": [],
      "pending": [],
      "skipped": [],
      "duration": 0,
      "root": true,
      "rootEmpty": true,
      "_timeout": 2000
    }
  ],
  "meta": {
    "mocha": {
      "version": "8.3.0"
    },
    "mochawesome": {
      "options": {
        "quiet": false,
        "reportFilename": "mochawesome",
        "saveHtml": true,
        "saveJson": true,
        "consoleReporter": "spec",
        "useInlineDiffs": false,
        "code": true
      },
      "version": "6.2.2"
    },
    "marge": {
      "options": {
        "autoOpen": "true"
      },
      "version": "5.2.0"
    }
  }
}